# JRE version: Java(TM) SE Runtime Environment (7.0_80-b15) (build 1.7.0_80-b15)
# Java VM: Java HotSpot(TM) 64-Bit Server VM (24.80-b11 mixed mode windows-amd64 compressed oops)
Heap
 PSYoungGen      total 431616K, used 285099K [0x00000007d5e00000, 0x00000007f1580000, 0x0000000800000000)
  eden space 413184K, 66% used [0x00000007d5e00000,0x00000007e6939cc8,0x00000007ef180000)
  from space 18432K, 62% used [0x00000007ef180000,0x00000007efcb1170,0x00000007f0380000)
  to   space 17920K, 0% used [0x00000007f0400000,0x00000007f0400000,0x00000007f1580000)
 ParOldGen       total 86016K, used 40923K [0x0000000781a00000, 0x0000000786e00000, 0x00000007d5e00000)
  object space 86016K, 47% used [0x0000000781a00000,0x00000007841f6d70,0x0000000786e00000)
 PSPermGen       total 50176K, used 49678K [0x000000077c800000, 0x000000077f900000, 0x0000000781a00000)
  object space 50176K, 99% used [0x000000077c800000,0x000000077f8838f8,0x000000077f900000)
GC Heap History (10 events):
Event: 4.897 GC heap before
{Heap before GC invocations=7 (full 0):
 PSYoungGen      total 140288K, used 140268K [0x00000007d5e00000, 0x00000007dfa00000, 0x0000000800000000)
  eden space 130048K, 100% used [0x00000007d5e00000,0x00000007ddd00000,0x00000007ddd00000)
  from space 10240K, 99% used [0x00000007dea00000,0x00000007df3fb3b8,0x00000007df400000)
  to   space 13312K, 0% used [0x00000007ddd00000,0x00000007ddd00000,0x00000007dea00000)
 ParOldGen       total 86016K, used 14615K [0x0000000781a00000, 0x0000000786e00000, 0x00000007d5e00000)
  object space 86016K, 16% used [0x0000000781a00000,0x0000000782845cc0,0x0000000786e00000)
 PSPermGen       total 28160K, used 27823K [0x000000077c800000, 0x000000077e380000, 0x0000000781a00000)
  object space 28160K, 98% used [0x000000077c800000,0x000000077e32be08,0x000000077e380000)
Event: 4.922 GC heap after
Heap after GC invocations=7 (full 0):
 PSYoungGen      total 143360K, used 13287K [0x00000007d5e00000, 0x00000007e7f00000, 0x0000000800000000)
  eden space 130048K, 0% used [0x00000007d5e00000,0x00000007d5e00000,0x00000007ddd00000)
  from space 13312K, 99% used [0x00000007ddd00000,0x00000007de9f9ea0,0x00000007dea00000)
  to   space 17920K, 0% used [0x00000007e6d80000,0x00000007e6d80000,0x00000007e7f00000)
 ParOldGen       total 86016K, used 20192K [0x0000000781a00000, 0x0000000786e00000, 0x00000007d5e00000)
  object space 86016K, 23% used [0x0000000781a00000,0x0000000782db8230,0x0000000786e00000)
 PSPermGen       total 28160K, used 27823K [0x000000077c800000, 0x000000077e380000, 0x0000000781a00000)
  object space 28160K, 98% used [0x000000077c800000,0x000000077e32be08,0x000000077e380000)
}
Event: 6.872 GC heap before
{Heap before GC invocations=8 (full 0):
 PSYoungGen      total 143360K, used 143335K [0x00000007d5e00000, 0x00000007e7f00000, 0x0000000800000000)
  eden space 130048K, 100% used [0x00000007d5e00000,0x00000007ddd00000,0x00000007ddd00000)
  from space 13312K, 99% used [0x00000007ddd00000,0x00000007de9f9ea0,0x00000007dea00000)
  to   space 17920K, 0% used [0x00000007e6d80000,0x00000007e6d80000,0x00000007e7f00000)
 ParOldGen       total 86016K, used 20192K [0x0000000781a00000, 0x0000000786e00000, 0x00000007d5e00000)
  object space 86016K, 23% used [0x0000000781a00000,0x0000000782db8230,0x0000000786e00000)
 PSPermGen       total 39424K, used 39199K [0x000000077c800000, 0x000000077ee80000, 0x0000000781a00000)
  object space 39424K, 99% used [0x000000077c800000,0x000000077ee47c28,0x000000077ee80000)
Event: 6.896 GC heap after
Heap after GC invocations=8 (full 0):
 PSYoungGen      total 275968K, used 16588K [0x00000007d5e00000, 0x00000007e8300000, 0x0000000800000000)
  eden space 258048K, 0% used [0x00000007d5e00000,0x00000007d5e00000,0x00000007e5a00000)
  from space 17920K, 92% used [0x00000007e6d80000,0x00000007e7db31d8,0x00000007e7f00000)
  to   space 19968K, 0% used [0x00000007e5a00000,0x00000007e5a00000,0x00000007e6d80000)
 ParOldGen       total 86016K, used 21808K [0x0000000781a00000, 0x0000000786e00000, 0x00000007d5e00000)
  object space 86016K, 25% used [0x0000000781a00000,0x0000000782f4c230,0x0000000786e00000)
 PSPermGen       total 39424K, used 39199K [0x000000077c800000, 0x000000077ee80000, 0x0000000781a00000)
  object space 39424K, 99% used [0x000000077c800000,0x000000077ee47c28,0x000000077ee80000)
}
Event: 7.818 GC heap before
{Heap before GC invocations=9 (full 0):
 PSYoungGen      total 275968K, used 274636K [0x00000007d5e00000, 0x00000007e8300000, 0x0000000800000000)
  eden space 258048K, 100% used [0x00000007d5e00000,0x00000007e5a00000,0x00000007e5a00000)
  from space 17920K, 92% used [0x00000007e6d80000,0x00000007e7db31d8,0x00000007e7f00000)
  to   space 19968K, 0% used [0x00000007e5a00000,0x00000007e5a00000,0x00000007e6d80000)
 ParOldGen       total 86016K, used 21808K [0x0000000781a00000, 0x0000000786e00000, 0x00000007d5e00000)
  object space 86016K, 25% used [0x0000000781a00000,0x0000000782f4c230,0x0000000786e00000)
 PSPermGen       total 39936K, used 39677K [0x000000077c800000, 0x000000077ef00000, 0x0000000781a00000)
  object space 39936K, 99% used [0x000000077c800000,0x000000077eebf500,0x000000077ef00000)
Event: 7.832 GC heap after
Heap after GC invocations=9 (full 0):
 PSYoungGen      total 278016K, used 10327K [0x00000007d5e00000, 0x00000007f1680000, 0x0000000800000000)
  eden space 258048K, 0% used [0x00000007d5e00000,0x00000007d5e00000,0x00000007e5a00000)
  from space 19968K, 51% used [0x00000007e5a00000,0x00000007e6415cb8,0x00000007e6d80000)
  to   space 18944K, 0% used [0x00000007f0400000,0x00000007f0400000,0x00000007f1680000)
 ParOldGen       total 86016K, used 26625K [0x0000000781a00000, 0x0000000786e00000, 0x00000007d5e00000)
  object space 86016K, 30% used [0x0000000781a00000,0x00000007834007f0,0x0000000786e00000)
 PSPermGen       total 39936K, used 39677K [0x000000077c800000, 0x000000077ef00000, 0x0000000781a00000)
  object space 39936K, 99% used [0x000000077c800000,0x000000077eebf500,0x000000077ef00000)
}
Event: 8.722 GC heap before
{Heap before GC invocations=10 (full 0):
 PSYoungGen      total 278016K, used 268375K [0x00000007d5e00000, 0x00000007f1680000, 0x0000000800000000)
  eden space 258048K, 100% used [0x00000007d5e00000,0x00000007e5a00000,0x00000007e5a00000)
  from space 19968K, 51% used [0x00000007e5a00000,0x00000007e6415cb8,0x00000007e6d80000)
  to   space 18944K, 0% used [0x00000007f0400000,0x00000007f0400000,0x00000007f1680000)
 ParOldGen       total 86016K, used 26625K [0x0000000781a00000, 0x0000000786e00000, 0x00000007d5e00000)
  object space 86016K, 30% used [0x0000000781a00000,0x00000007834007f0,0x0000000786e00000)
 PSPermGen       total 39936K, used 39902K [0x000000077c800000, 0x000000077ef00000, 0x0000000781a00000)
  object space 39936K, 99% used [0x000000077c800000,0x000000077eef78d0,0x000000077ef00000)
Event: 8.733 GC heap after
Heap after GC invocations=10 (full 0):
 PSYoungGen      total 431104K, used 9190K [0x00000007d5e00000, 0x00000007f1580000, 0x0000000800000000)
  eden space 413184K, 0% used [0x00000007d5e00000,0x00000007d5e00000,0x00000007ef180000)
  from space 17920K, 51% used [0x00000007f0400000,0x00000007f0cf9808,0x00000007f1580000)
  to   space 18432K, 0% used [0x00000007ef180000,0x00000007ef180000,0x00000007f0380000)
 ParOldGen       total 86016K, used 32547K [0x0000000781a00000, 0x0000000786e00000, 0x00000007d5e00000)
  object space 86016K, 37% used [0x0000000781a00000,0x00000007839c8d60,0x0000000786e00000)
 PSPermGen       total 39936K, used 39902K [0x000000077c800000, 0x000000077ef00000, 0x0000000781a00000)
  object space 39936K, 99% used [0x000000077c800000,0x000000077eef78d0,0x000000077ef00000)
}
Event: 10.690 GC heap before
{Heap before GC invocations=11 (full 0):
 PSYoungGen      total 431104K, used 422374K [0x00000007d5e00000, 0x00000007f1580000, 0x0000000800000000)
  eden space 413184K, 100% used [0x00000007d5e00000,0x00000007ef180000,0x00000007ef180000)
  from space 17920K, 51% used [0x00000007f0400000,0x00000007f0cf9808,0x00000007f1580000)
  to   space 18432K, 0% used [0x00000007ef180000,0x00000007ef180000,0x00000007f0380000)
 ParOldGen       total 86016K, used 32547K [0x0000000781a00000, 0x0000000786e00000, 0x00000007d5e00000)
  object space 86016K, 37% used [0x0000000781a00000,0x00000007839c8d60,0x0000000786e00000)
 PSPermGen       total 44544K, used 44536K [0x000000077c800000, 0x000000077f380000, 0x0000000781a00000)
  object space 44544K, 99% used [0x000000077c800000,0x000000077f37e208,0x000000077f380000)
Event: 10.704 GC heap after
Heap after GC invocations=11 (full 0):
 PSYoungGen      total 431616K, used 11460K [0x00000007d5e00000, 0x00000007f1580000, 0x0000000800000000)
  eden space 413184K, 0% used [0x00000007d5e00000,0x00000007d5e00000,0x00000007ef180000)
  from space 18432K, 62% used [0x00000007ef180000,0x00000007efcb1170,0x00000007f0380000)
  to   space 17920K, 0% used [0x00000007f0400000,0x00000007f0400000,0x00000007f1580000)
 ParOldGen       total 86016K, used 40923K [0x0000000781a00000, 0x0000000786e00000, 0x00000007d5e00000)
  object space 86016K, 47% used [0x0000000781a00000,0x00000007841f6d70,0x0000000786e00000)
 PSPermGen       total 44544K, used 44536K [0x000000077c800000, 0x000000077f380000, 0x0000000781a00000)
  object space 44544K, 99% used [0x000000077c800000,0x000000077f37e208,0x000000077f380000)
}

