# JRE version: 7.0_17-b02
# Java VM: Java HotSpot(TM) 64-Bit Server VM (23.7-b01 mixed mode windows-amd64 compressed oops)
Heap
 PSYoungGen      total 724416K, used 0K [0x00000007aad60000, 0x00000007d94e0000, 0x0000000800000000)
  eden space 688448K, 0% used [0x00000007aad60000,0x00000007aad60000,0x00000007d4db0000)
  from space 35968K, 0% used [0x00000007d7020000,0x00000007d7020000,0x00000007d9340000)
  to   space 35264K, 0% used [0x00000007d4db0000,0x00000007d4db0000,0x00000007d7020000)
 ParOldGen       total 909568K, used 75154K [0x0000000700800000, 0x0000000738040000, 0x00000007aad60000)
  object space 909568K, 8% used [0x0000000700800000,0x0000000705164bf8,0x0000000738040000)
 PSPermGen       total 83968K, used 83966K [0x00000006fb600000, 0x0000000700800000, 0x0000000700800000)
  object space 83968K, 99% used [0x00000006fb600000,0x00000007007ff920,0x0000000700800000)
GC Heap History (10 events):
Event: 8101.783 GC heap before
{Heap before GC invocations=23 (full 5):
 PSYoungGen      total 694336K, used 160K [0x00000007aad60000, 0x00000007d90c0000, 0x0000000800000000)
  eden space 684160K, 0% used [0x00000007aad60000,0x00000007aad60000,0x00000007d4980000)
  from space 10176K, 1% used [0x00000007d86d0000,0x00000007d86f8000,0x00000007d90c0000)
  to   space 36480K, 0% used [0x00000007d4980000,0x00000007d4980000,0x00000007d6d20000)
 ParOldGen       total 419648K, used 75343K [0x0000000700800000, 0x000000071a1d0000, 0x00000007aad60000)
  object space 419648K, 17% used [0x0000000700800000,0x0000000705193e88,0x000000071a1d0000)
 PSPermGen       total 83968K, used 83967K [0x00000006fb600000, 0x0000000700800000, 0x0000000700800000)
  object space 83968K, 99% used [0x00000006fb600000,0x00000007007ffe88,0x0000000700800000)
Event: 8101.925 GC heap after
Heap after GC invocations=23 (full 5):
 PSYoungGen      total 694336K, used 0K [0x00000007aad60000, 0x00000007d90c0000, 0x0000000800000000)
  eden space 684160K, 0% used [0x00000007aad60000,0x00000007aad60000,0x00000007d4980000)
  from space 10176K, 0% used [0x00000007d86d0000,0x00000007d86d0000,0x00000007d90c0000)
  to   space 36480K, 0% used [0x00000007d4980000,0x00000007d4980000,0x00000007d6d20000)
 ParOldGen       total 546816K, used 75314K [0x0000000700800000, 0x0000000721e00000, 0x00000007aad60000)
  object space 546816K, 13% used [0x0000000700800000,0x000000070518c870,0x0000000721e00000)
 PSPermGen       total 83968K, used 83899K [0x00000006fb600000, 0x0000000700800000, 0x0000000700800000)
  object space 83968K, 99% used [0x00000006fb600000,0x00000007007eeea0,0x0000000700800000)
}
Event: 10382.596 GC heap before
{Heap before GC invocations=24 (full 5):
 PSYoungGen      total 694336K, used 207672K [0x00000007aad60000, 0x00000007d90c0000, 0x0000000800000000)
  eden space 684160K, 30% used [0x00000007aad60000,0x00000007b782e050,0x00000007d4980000)
  from space 10176K, 0% used [0x00000007d86d0000,0x00000007d86d0000,0x00000007d90c0000)
  to   space 36480K, 0% used [0x00000007d4980000,0x00000007d4980000,0x00000007d6d20000)
 ParOldGen       total 546816K, used 75314K [0x0000000700800000, 0x0000000721e00000, 0x00000007aad60000)
  object space 546816K, 13% used [0x0000000700800000,0x000000070518c870,0x0000000721e00000)
 PSPermGen       total 83968K, used 83966K [0x00000006fb600000, 0x0000000700800000, 0x0000000700800000)
  object space 83968K, 99% used [0x00000006fb600000,0x00000007007ff960,0x0000000700800000)
Event: 10382.598 GC heap after
Heap after GC invocations=24 (full 5):
 PSYoungGen      total 720640K, used 401K [0x00000007aad60000, 0x00000007d9340000, 0x0000000800000000)
  eden space 684160K, 0% used [0x00000007aad60000,0x00000007aad60000,0x00000007d4980000)
  from space 36480K, 1% used [0x00000007d4980000,0x00000007d49e4510,0x00000007d6d20000)
  to   space 35968K, 0% used [0x00000007d7020000,0x00000007d7020000,0x00000007d9340000)
 ParOldGen       total 546816K, used 75314K [0x0000000700800000, 0x0000000721e00000, 0x00000007aad60000)
  object space 546816K, 13% used [0x0000000700800000,0x000000070518c870,0x0000000721e00000)
 PSPermGen       total 83968K, used 83966K [0x00000006fb600000, 0x0000000700800000, 0x0000000700800000)
  object space 83968K, 99% used [0x00000006fb600000,0x00000007007ff960,0x0000000700800000)
}
Event: 10382.598 GC heap before
{Heap before GC invocations=25 (full 6):
 PSYoungGen      total 720640K, used 401K [0x00000007aad60000, 0x00000007d9340000, 0x0000000800000000)
  eden space 684160K, 0% used [0x00000007aad60000,0x00000007aad60000,0x00000007d4980000)
  from space 36480K, 1% used [0x00000007d4980000,0x00000007d49e4510,0x00000007d6d20000)
  to   space 35968K, 0% used [0x00000007d7020000,0x00000007d7020000,0x00000007d9340000)
 ParOldGen       total 546816K, used 75314K [0x0000000700800000, 0x0000000721e00000, 0x00000007aad60000)
  object space 546816K, 13% used [0x0000000700800000,0x000000070518c870,0x0000000721e00000)
 PSPermGen       total 83968K, used 83966K [0x00000006fb600000, 0x0000000700800000, 0x0000000700800000)
  object space 83968K, 99% used [0x00000006fb600000,0x00000007007ff960,0x0000000700800000)
Event: 10382.708 GC heap after
Heap after GC invocations=25 (full 6):
 PSYoungGen      total 720640K, used 0K [0x00000007aad60000, 0x00000007d9340000, 0x0000000800000000)
  eden space 684160K, 0% used [0x00000007aad60000,0x00000007aad60000,0x00000007d4980000)
  from space 36480K, 0% used [0x00000007d4980000,0x00000007d4980000,0x00000007d6d20000)
  to   space 35968K, 0% used [0x00000007d7020000,0x00000007d7020000,0x00000007d9340000)
 ParOldGen       total 724224K, used 75207K [0x0000000700800000, 0x000000072cb40000, 0x00000007aad60000)
  object space 724224K, 10% used [0x0000000700800000,0x0000000705171c58,0x000000072cb40000)
 PSPermGen       total 83968K, used 83966K [0x00000006fb600000, 0x0000000700800000, 0x0000000700800000)
  object space 83968K, 99% used [0x00000006fb600000,0x00000007007ff920,0x0000000700800000)
}
Event: 10382.708 GC heap before
{Heap before GC invocations=26 (full 6):
 PSYoungGen      total 720640K, used 0K [0x00000007aad60000, 0x00000007d9340000, 0x0000000800000000)
  eden space 684160K, 0% used [0x00000007aad60000,0x00000007aad60000,0x00000007d4980000)
  from space 36480K, 0% used [0x00000007d4980000,0x00000007d4980000,0x00000007d6d20000)
  to   space 35968K, 0% used [0x00000007d7020000,0x00000007d7020000,0x00000007d9340000)
 ParOldGen       total 724224K, used 75207K [0x0000000700800000, 0x000000072cb40000, 0x00000007aad60000)
  object space 724224K, 10% used [0x0000000700800000,0x0000000705171c58,0x000000072cb40000)
 PSPermGen       total 83968K, used 83966K [0x00000006fb600000, 0x0000000700800000, 0x0000000700800000)
  object space 83968K, 99% used [0x00000006fb600000,0x00000007007ff920,0x0000000700800000)
Event: 10382.710 GC heap after
Heap after GC invocations=26 (full 6):
 PSYoungGen      total 724416K, used 0K [0x00000007aad60000, 0x00000007d94e0000, 0x0000000800000000)
  eden space 688448K, 0% used [0x00000007aad60000,0x00000007aad60000,0x00000007d4db0000)
  from space 35968K, 0% used [0x00000007d7020000,0x00000007d7020000,0x00000007d9340000)
  to   space 35264K, 0% used [0x00000007d4db0000,0x00000007d4db0000,0x00000007d7020000)
 ParOldGen       total 724224K, used 75207K [0x0000000700800000, 0x000000072cb40000, 0x00000007aad60000)
  object space 724224K, 10% used [0x0000000700800000,0x0000000705171c58,0x000000072cb40000)
 PSPermGen       total 83968K, used 83966K [0x00000006fb600000, 0x0000000700800000, 0x0000000700800000)
  object space 83968K, 99% used [0x00000006fb600000,0x00000007007ff920,0x0000000700800000)
}
Event: 10382.710 GC heap before
{Heap before GC invocations=27 (full 7):
 PSYoungGen      total 724416K, used 0K [0x00000007aad60000, 0x00000007d94e0000, 0x0000000800000000)
  eden space 688448K, 0% used [0x00000007aad60000,0x00000007aad60000,0x00000007d4db0000)
  from space 35968K, 0% used [0x00000007d7020000,0x00000007d7020000,0x00000007d9340000)
  to   space 35264K, 0% used [0x00000007d4db0000,0x00000007d4db0000,0x00000007d7020000)
 ParOldGen       total 724224K, used 75207K [0x0000000700800000, 0x000000072cb40000, 0x00000007aad60000)
  object space 724224K, 10% used [0x0000000700800000,0x0000000705171c58,0x000000072cb40000)
 PSPermGen       total 83968K, used 83966K [0x00000006fb600000, 0x0000000700800000, 0x0000000700800000)
  object space 83968K, 99% used [0x00000006fb600000,0x00000007007ff920,0x0000000700800000)
Event: 10382.870 GC heap after
Heap after GC invocations=27 (full 7):
 PSYoungGen      total 724416K, used 0K [0x00000007aad60000, 0x00000007d94e0000, 0x0000000800000000)
  eden space 688448K, 0% used [0x00000007aad60000,0x00000007aad60000,0x00000007d4db0000)
  from space 35968K, 0% used [0x00000007d7020000,0x00000007d7020000,0x00000007d9340000)
  to   space 35264K, 0% used [0x00000007d4db0000,0x00000007d4db0000,0x00000007d7020000)
 ParOldGen       total 909568K, used 75154K [0x0000000700800000, 0x0000000738040000, 0x00000007aad60000)
  object space 909568K, 8% used [0x0000000700800000,0x0000000705164bf8,0x0000000738040000)
 PSPermGen       total 83968K, used 83966K [0x00000006fb600000, 0x0000000700800000, 0x0000000700800000)
  object space 83968K, 99% used [0x00000006fb600000,0x00000007007ff920,0x0000000700800000)
}

